Determining if the pthread_create exist failed with the following output:
Change Dir: /home/lukasz/cmakeProject/buildNinja/CMakeFiles/CMakeTmp

Run Build Command:"/usr/bin/ninja" "cmTC_29fd0"
[1/2] Building C object CMakeFiles/cmTC_29fd0.dir/CheckSymbolExists.c.o
[2/2] Linking C executable cmTC_29fd0
FAILED: cmTC_29fd0 
: && /usr/bin/cc   -rdynamic CMakeFiles/cmTC_29fd0.dir/CheckSymbolExists.c.o  -o cmTC_29fd0   && :
CMakeFiles/cmTC_29fd0.dir/CheckSymbolExists.c.o: In function `main':
CheckSymbolExists.c:(.text+0x1b): undefined reference to `pthread_create'
collect2: error: ld returned 1 exit status
ninja: build stopped: subcommand failed.

File /home/lukasz/cmakeProject/buildNinja/CMakeFiles/CMakeTmp/CheckSymbolExists.c:
/* */
#include <pthread.h>

int main(int argc, char** argv)
{
  (void)argv;
#ifndef pthread_create
  return ((int*)(&pthread_create))[argc];
#else
  (void)argc;
  return 0;
#endif
}

Determining if the function pthread_create exists in the pthreads failed with the following output:
Change Dir: /home/lukasz/cmakeProject/buildNinja/CMakeFiles/CMakeTmp

Run Build Command:"/usr/bin/ninja" "cmTC_70aef"
[1/2] Building C object CMakeFiles/cmTC_70aef.dir/CheckFunctionExists.c.o
[2/2] Linking C executable cmTC_70aef
FAILED: cmTC_70aef 
: && /usr/bin/cc -DCHECK_FUNCTION_EXISTS=pthread_create  -rdynamic CMakeFiles/cmTC_70aef.dir/CheckFunctionExists.c.o  -o cmTC_70aef  -lpthreads && :
/usr/bin/ld: cannot find -lpthreads
collect2: error: ld returned 1 exit status
ninja: build stopped: subcommand failed.


